<?xml version="1.0" encoding="UTF-8"?>
<!-- Generated by org.testng.reporters.JUnitReportReporter -->
<testsuite hostname="Arjun" failures="0" tests="2" name="RSA.testcases.tc1" time="12.698" errors="0" timestamp="2025-05-18T23:56:20 IST" skipped="0">
  <testcase classname="RSA.testcases.tc1" name="placeorder" time="5.508"/>
  <testcase classname="RSA.testcases.tc1" name="placeorder" time="7.190"/>
</testsuite> <!-- RSA.testcases.tc1 -->
